<?xml version="1.0" encoding="UTF-8"?>
<!-- Generated by org.testng.reporters.JUnitReportReporter -->
<testsuite hostname="L510698" failures="0" tests="1" name="Tests.PoModel" time="70.476" errors="0" timestamp="2024-09-24T20:18:45 IST" skipped="0">
  <testcase classname="Tests.PoModel" name="test" time="70.476"/>
</testsuite> <!-- Tests.PoModel -->
